  main.c
D:\Fu-Work\VChat\WinExploit-Priv\6-HeapIntegrity\SRC\Heap-Standalone-Large-Alloc\Heap-Standalone-Large-Alloc\main.c(22,23): warning C4018: '<': signed/unsigned mismatch
D:\Fu-Work\VChat\WinExploit-Priv\6-HeapIntegrity\SRC\Heap-Standalone-Large-Alloc\Heap-Standalone-Large-Alloc\main.c(23,16): warning C4047: '=': 'functionpointer' differs in levels of indirection from 'functionpointer *'
D:\Fu-Work\VChat\WinExploit-Priv\6-HeapIntegrity\SRC\Heap-Standalone-Large-Alloc\Heap-Standalone-Large-Alloc\main.c(43,12): warning C4477: 'printf' : format string '%08x' requires an argument of type 'unsigned int', but variadic argument 1 has type 'functionpointer'
D:\Fu-Work\VChat\WinExploit-Priv\6-HeapIntegrity\SRC\Heap-Standalone-Large-Alloc\Heap-Standalone-Large-Alloc\main.c(43,12): warning C4313: 'printf': '%x' in format string conflicts with argument 1 of type 'functionpointer'
D:\Fu-Work\VChat\WinExploit-Priv\6-HeapIntegrity\SRC\Heap-Standalone-Large-Alloc\Heap-Standalone-Large-Alloc\main.c(50,19): warning C4311: 'type cast': pointer truncation from 'void (__cdecl *)(int)' to 'int'
D:\Fu-Work\VChat\WinExploit-Priv\6-HeapIntegrity\SRC\Heap-Standalone-Large-Alloc\Heap-Standalone-Large-Alloc\main.c(57,16): warning C4477: 'printf' : format string '%08x' requires an argument of type 'unsigned int', but variadic argument 2 has type 'HANDLE'
D:\Fu-Work\VChat\WinExploit-Priv\6-HeapIntegrity\SRC\Heap-Standalone-Large-Alloc\Heap-Standalone-Large-Alloc\main.c(57,16): warning C4313: 'printf': '%x' in format string conflicts with argument 2 of type 'HANDLE'
D:\Fu-Work\VChat\WinExploit-Priv\6-HeapIntegrity\SRC\Heap-Standalone-Large-Alloc\Heap-Standalone-Large-Alloc\main.c(63,20): warning C4047: 'function': 'functionpointer *' differs in levels of indirection from 'functionpointer'
D:\Fu-Work\VChat\WinExploit-Priv\6-HeapIntegrity\SRC\Heap-Standalone-Large-Alloc\Heap-Standalone-Large-Alloc\main.c(63,20): warning C4024: 'fill_array': different types for formal and actual parameter 2
D:\Fu-Work\VChat\WinExploit-Priv\6-HeapIntegrity\SRC\Heap-Standalone-Large-Alloc\Heap-Standalone-Large-Alloc\main.c(65,20): warning C4047: 'function': 'functionpointer *' differs in levels of indirection from 'functionpointer'
D:\Fu-Work\VChat\WinExploit-Priv\6-HeapIntegrity\SRC\Heap-Standalone-Large-Alloc\Heap-Standalone-Large-Alloc\main.c(65,20): warning C4024: 'fill_array': different types for formal and actual parameter 2
D:\Fu-Work\VChat\WinExploit-Priv\6-HeapIntegrity\SRC\Heap-Standalone-Large-Alloc\Heap-Standalone-Large-Alloc\main.c(67,20): warning C4047: 'function': 'functionpointer *' differs in levels of indirection from 'functionpointer'
D:\Fu-Work\VChat\WinExploit-Priv\6-HeapIntegrity\SRC\Heap-Standalone-Large-Alloc\Heap-Standalone-Large-Alloc\main.c(67,20): warning C4024: 'fill_array': different types for formal and actual parameter 2
D:\Fu-Work\VChat\WinExploit-Priv\6-HeapIntegrity\SRC\Heap-Standalone-Large-Alloc\Heap-Standalone-Large-Alloc\main.c(69,20): warning C4047: 'function': 'functionpointer *' differs in levels of indirection from 'functionpointer'
D:\Fu-Work\VChat\WinExploit-Priv\6-HeapIntegrity\SRC\Heap-Standalone-Large-Alloc\Heap-Standalone-Large-Alloc\main.c(69,20): warning C4024: 'fill_array': different types for formal and actual parameter 2
D:\Fu-Work\VChat\WinExploit-Priv\6-HeapIntegrity\SRC\Heap-Standalone-Large-Alloc\Heap-Standalone-Large-Alloc\main.c(71,20): warning C4047: 'function': 'functionpointer *' differs in levels of indirection from 'functionpointer'
D:\Fu-Work\VChat\WinExploit-Priv\6-HeapIntegrity\SRC\Heap-Standalone-Large-Alloc\Heap-Standalone-Large-Alloc\main.c(71,20): warning C4024: 'fill_array': different types for formal and actual parameter 2
D:\Fu-Work\VChat\WinExploit-Priv\6-HeapIntegrity\SRC\Heap-Standalone-Large-Alloc\Heap-Standalone-Large-Alloc\main.c(73,20): warning C4047: 'function': 'functionpointer *' differs in levels of indirection from 'functionpointer'
D:\Fu-Work\VChat\WinExploit-Priv\6-HeapIntegrity\SRC\Heap-Standalone-Large-Alloc\Heap-Standalone-Large-Alloc\main.c(73,20): warning C4024: 'fill_array': different types for formal and actual parameter 2
D:\Fu-Work\VChat\WinExploit-Priv\6-HeapIntegrity\SRC\Heap-Standalone-Large-Alloc\Heap-Standalone-Large-Alloc\main.c(75,20): warning C4047: 'function': 'functionpointer *' differs in levels of indirection from 'functionpointer'
D:\Fu-Work\VChat\WinExploit-Priv\6-HeapIntegrity\SRC\Heap-Standalone-Large-Alloc\Heap-Standalone-Large-Alloc\main.c(75,20): warning C4024: 'fill_array': different types for formal and actual parameter 2
D:\Fu-Work\VChat\WinExploit-Priv\6-HeapIntegrity\SRC\Heap-Standalone-Large-Alloc\Heap-Standalone-Large-Alloc\main.c(77,20): warning C4047: 'function': 'functionpointer *' differs in levels of indirection from 'functionpointer'
D:\Fu-Work\VChat\WinExploit-Priv\6-HeapIntegrity\SRC\Heap-Standalone-Large-Alloc\Heap-Standalone-Large-Alloc\main.c(77,20): warning C4024: 'fill_array': different types for formal and actual parameter 2
D:\Fu-Work\VChat\WinExploit-Priv\6-HeapIntegrity\SRC\Heap-Standalone-Large-Alloc\Heap-Standalone-Large-Alloc\main.c(79,20): warning C4047: 'function': 'functionpointer *' differs in levels of indirection from 'functionpointer'
D:\Fu-Work\VChat\WinExploit-Priv\6-HeapIntegrity\SRC\Heap-Standalone-Large-Alloc\Heap-Standalone-Large-Alloc\main.c(79,20): warning C4024: 'fill_array': different types for formal and actual parameter 2
D:\Fu-Work\VChat\WinExploit-Priv\6-HeapIntegrity\SRC\Heap-Standalone-Large-Alloc\Heap-Standalone-Large-Alloc\main.c(81,21): warning C4047: 'function': 'functionpointer *' differs in levels of indirection from 'functionpointer'
D:\Fu-Work\VChat\WinExploit-Priv\6-HeapIntegrity\SRC\Heap-Standalone-Large-Alloc\Heap-Standalone-Large-Alloc\main.c(81,21): warning C4024: 'fill_array': different types for formal and actual parameter 2
D:\Fu-Work\VChat\WinExploit-Priv\6-HeapIntegrity\SRC\Heap-Standalone-Large-Alloc\Heap-Standalone-Large-Alloc\main.c(83,12): warning C4477: 'printf' : format string '%08x' requires an argument of type 'unsigned int', but variadic argument 1 has type 'functionpointer *'
D:\Fu-Work\VChat\WinExploit-Priv\6-HeapIntegrity\SRC\Heap-Standalone-Large-Alloc\Heap-Standalone-Large-Alloc\main.c(83,12): warning C4313: 'printf': '%x' in format string conflicts with argument 1 of type 'functionpointer *'
D:\Fu-Work\VChat\WinExploit-Priv\6-HeapIntegrity\SRC\Heap-Standalone-Large-Alloc\Heap-Standalone-Large-Alloc\main.c(84,12): warning C4477: 'printf' : format string '%08x' requires an argument of type 'unsigned int', but variadic argument 1 has type 'functionpointer *'
D:\Fu-Work\VChat\WinExploit-Priv\6-HeapIntegrity\SRC\Heap-Standalone-Large-Alloc\Heap-Standalone-Large-Alloc\main.c(84,12): warning C4313: 'printf': '%x' in format string conflicts with argument 1 of type 'functionpointer *'
D:\Fu-Work\VChat\WinExploit-Priv\6-HeapIntegrity\SRC\Heap-Standalone-Large-Alloc\Heap-Standalone-Large-Alloc\main.c(85,12): warning C4477: 'printf' : format string '%08x' requires an argument of type 'unsigned int', but variadic argument 1 has type 'functionpointer *'
D:\Fu-Work\VChat\WinExploit-Priv\6-HeapIntegrity\SRC\Heap-Standalone-Large-Alloc\Heap-Standalone-Large-Alloc\main.c(85,12): warning C4313: 'printf': '%x' in format string conflicts with argument 1 of type 'functionpointer *'
D:\Fu-Work\VChat\WinExploit-Priv\6-HeapIntegrity\SRC\Heap-Standalone-Large-Alloc\Heap-Standalone-Large-Alloc\main.c(86,12): warning C4477: 'printf' : format string '%08x' requires an argument of type 'unsigned int', but variadic argument 1 has type 'functionpointer *'
D:\Fu-Work\VChat\WinExploit-Priv\6-HeapIntegrity\SRC\Heap-Standalone-Large-Alloc\Heap-Standalone-Large-Alloc\main.c(86,12): warning C4313: 'printf': '%x' in format string conflicts with argument 1 of type 'functionpointer *'
D:\Fu-Work\VChat\WinExploit-Priv\6-HeapIntegrity\SRC\Heap-Standalone-Large-Alloc\Heap-Standalone-Large-Alloc\main.c(87,12): warning C4477: 'printf' : format string '%08x' requires an argument of type 'unsigned int', but variadic argument 1 has type 'functionpointer *'
D:\Fu-Work\VChat\WinExploit-Priv\6-HeapIntegrity\SRC\Heap-Standalone-Large-Alloc\Heap-Standalone-Large-Alloc\main.c(87,12): warning C4313: 'printf': '%x' in format string conflicts with argument 1 of type 'functionpointer *'
D:\Fu-Work\VChat\WinExploit-Priv\6-HeapIntegrity\SRC\Heap-Standalone-Large-Alloc\Heap-Standalone-Large-Alloc\main.c(88,12): warning C4477: 'printf' : format string '%08x' requires an argument of type 'unsigned int', but variadic argument 1 has type 'functionpointer *'
D:\Fu-Work\VChat\WinExploit-Priv\6-HeapIntegrity\SRC\Heap-Standalone-Large-Alloc\Heap-Standalone-Large-Alloc\main.c(88,12): warning C4313: 'printf': '%x' in format string conflicts with argument 1 of type 'functionpointer *'
D:\Fu-Work\VChat\WinExploit-Priv\6-HeapIntegrity\SRC\Heap-Standalone-Large-Alloc\Heap-Standalone-Large-Alloc\main.c(89,12): warning C4477: 'printf' : format string '%08x' requires an argument of type 'unsigned int', but variadic argument 1 has type 'functionpointer *'
D:\Fu-Work\VChat\WinExploit-Priv\6-HeapIntegrity\SRC\Heap-Standalone-Large-Alloc\Heap-Standalone-Large-Alloc\main.c(89,12): warning C4313: 'printf': '%x' in format string conflicts with argument 1 of type 'functionpointer *'
D:\Fu-Work\VChat\WinExploit-Priv\6-HeapIntegrity\SRC\Heap-Standalone-Large-Alloc\Heap-Standalone-Large-Alloc\main.c(90,12): warning C4477: 'printf' : format string '%08x' requires an argument of type 'unsigned int', but variadic argument 1 has type 'functionpointer *'
D:\Fu-Work\VChat\WinExploit-Priv\6-HeapIntegrity\SRC\Heap-Standalone-Large-Alloc\Heap-Standalone-Large-Alloc\main.c(90,12): warning C4313: 'printf': '%x' in format string conflicts with argument 1 of type 'functionpointer *'
D:\Fu-Work\VChat\WinExploit-Priv\6-HeapIntegrity\SRC\Heap-Standalone-Large-Alloc\Heap-Standalone-Large-Alloc\main.c(91,12): warning C4477: 'printf' : format string '%08x' requires an argument of type 'unsigned int', but variadic argument 1 has type 'functionpointer *'
D:\Fu-Work\VChat\WinExploit-Priv\6-HeapIntegrity\SRC\Heap-Standalone-Large-Alloc\Heap-Standalone-Large-Alloc\main.c(91,12): warning C4313: 'printf': '%x' in format string conflicts with argument 1 of type 'functionpointer *'
D:\Fu-Work\VChat\WinExploit-Priv\6-HeapIntegrity\SRC\Heap-Standalone-Large-Alloc\Heap-Standalone-Large-Alloc\main.c(92,12): warning C4477: 'printf' : format string '%08x' requires an argument of type 'unsigned int', but variadic argument 1 has type 'functionpointer *'
D:\Fu-Work\VChat\WinExploit-Priv\6-HeapIntegrity\SRC\Heap-Standalone-Large-Alloc\Heap-Standalone-Large-Alloc\main.c(92,12): warning C4313: 'printf': '%x' in format string conflicts with argument 1 of type 'functionpointer *'
D:\Fu-Work\VChat\WinExploit-Priv\6-HeapIntegrity\SRC\Heap-Standalone-Large-Alloc\Heap-Standalone-Large-Alloc\main.c(96,12): warning C4477: 'printf' : format string '%08x' requires an argument of type 'unsigned int', but variadic argument 1 has type 'functionpointer'
D:\Fu-Work\VChat\WinExploit-Priv\6-HeapIntegrity\SRC\Heap-Standalone-Large-Alloc\Heap-Standalone-Large-Alloc\main.c(96,12): warning C4313: 'printf': '%x' in format string conflicts with argument 1 of type 'functionpointer'
D:\Fu-Work\VChat\WinExploit-Priv\6-HeapIntegrity\SRC\Heap-Standalone-Large-Alloc\Heap-Standalone-Large-Alloc\main.c(106,28): warning C4022: 'memcpy': pointer mismatch for actual parameter 2
D:\Fu-Work\VChat\WinExploit-Priv\6-HeapIntegrity\SRC\Heap-Standalone-Large-Alloc\Heap-Standalone-Large-Alloc\main.c(109,12): warning C4477: 'printf' : format string '%08x' requires an argument of type 'unsigned int', but variadic argument 1 has type 'functionpointer'
D:\Fu-Work\VChat\WinExploit-Priv\6-HeapIntegrity\SRC\Heap-Standalone-Large-Alloc\Heap-Standalone-Large-Alloc\main.c(109,12): warning C4313: 'printf': '%x' in format string conflicts with argument 1 of type 'functionpointer'
  Heap-Standalone-Large-Alloc.vcxproj -> D:\Fu-Work\VChat\WinExploit-Priv\6-HeapIntegrity\SRC\Heap-Standalone-Large-Alloc\x64\Debug\Heap-Standalone-Large-Alloc.exe
