  main.c
D:\Fu-Work\VChat\WinExploit-Priv\6-HeapIntegrity\SRC\Heap-Standalone\Heap-Standalone\main.c(25,23): warning C4018: '<': signed/unsigned mismatch
D:\Fu-Work\VChat\WinExploit-Priv\6-HeapIntegrity\SRC\Heap-Standalone\Heap-Standalone\main.c(26,16): warning C4047: '=': 'funcionpointer' differs in levels of indirection from 'funcionpointer *'
D:\Fu-Work\VChat\WinExploit-Priv\6-HeapIntegrity\SRC\Heap-Standalone\Heap-Standalone\main.c(45,12): warning C4477: 'printf' : format string '%08x' requires an argument of type 'unsigned int', but variadic argument 1 has type 'funcionpointer *'
D:\Fu-Work\VChat\WinExploit-Priv\6-HeapIntegrity\SRC\Heap-Standalone\Heap-Standalone\main.c(45,12): warning C4313: 'printf': '%x' in format string conflicts with argument 1 of type 'funcionpointer *'
D:\Fu-Work\VChat\WinExploit-Priv\6-HeapIntegrity\SRC\Heap-Standalone\Heap-Standalone\main.c(52,19): warning C4311: 'type cast': pointer truncation from 'void (__cdecl *)(int)' to 'int'
D:\Fu-Work\VChat\WinExploit-Priv\6-HeapIntegrity\SRC\Heap-Standalone\Heap-Standalone\main.c(59,16): warning C4477: 'printf' : format string '%08x' requires an argument of type 'unsigned int', but variadic argument 2 has type 'HANDLE'
D:\Fu-Work\VChat\WinExploit-Priv\6-HeapIntegrity\SRC\Heap-Standalone\Heap-Standalone\main.c(59,16): warning C4313: 'printf': '%x' in format string conflicts with argument 2 of type 'HANDLE'
D:\Fu-Work\VChat\WinExploit-Priv\6-HeapIntegrity\SRC\Heap-Standalone\Heap-Standalone\main.c(65,20): warning C4047: 'function': 'funcionpointer *' differs in levels of indirection from 'void (__cdecl *)(int)'
D:\Fu-Work\VChat\WinExploit-Priv\6-HeapIntegrity\SRC\Heap-Standalone\Heap-Standalone\main.c(65,20): warning C4024: 'fill_array': different types for formal and actual parameter 2
D:\Fu-Work\VChat\WinExploit-Priv\6-HeapIntegrity\SRC\Heap-Standalone\Heap-Standalone\main.c(85,12): warning C4477: 'printf' : format string '%08x' requires an argument of type 'unsigned int', but variadic argument 1 has type 'funcionpointer *'
D:\Fu-Work\VChat\WinExploit-Priv\6-HeapIntegrity\SRC\Heap-Standalone\Heap-Standalone\main.c(85,12): warning C4313: 'printf': '%x' in format string conflicts with argument 1 of type 'funcionpointer *'
D:\Fu-Work\VChat\WinExploit-Priv\6-HeapIntegrity\SRC\Heap-Standalone\Heap-Standalone\main.c(86,12): warning C4477: 'printf' : format string '%08x' requires an argument of type 'unsigned int', but variadic argument 1 has type 'funcionpointer *'
D:\Fu-Work\VChat\WinExploit-Priv\6-HeapIntegrity\SRC\Heap-Standalone\Heap-Standalone\main.c(86,12): warning C4313: 'printf': '%x' in format string conflicts with argument 1 of type 'funcionpointer *'
D:\Fu-Work\VChat\WinExploit-Priv\6-HeapIntegrity\SRC\Heap-Standalone\Heap-Standalone\main.c(87,12): warning C4477: 'printf' : format string '%08x' requires an argument of type 'unsigned int', but variadic argument 1 has type 'funcionpointer *'
D:\Fu-Work\VChat\WinExploit-Priv\6-HeapIntegrity\SRC\Heap-Standalone\Heap-Standalone\main.c(87,12): warning C4313: 'printf': '%x' in format string conflicts with argument 1 of type 'funcionpointer *'
D:\Fu-Work\VChat\WinExploit-Priv\6-HeapIntegrity\SRC\Heap-Standalone\Heap-Standalone\main.c(88,12): warning C4477: 'printf' : format string '%08x' requires an argument of type 'unsigned int', but variadic argument 1 has type 'funcionpointer *'
D:\Fu-Work\VChat\WinExploit-Priv\6-HeapIntegrity\SRC\Heap-Standalone\Heap-Standalone\main.c(88,12): warning C4313: 'printf': '%x' in format string conflicts with argument 1 of type 'funcionpointer *'
D:\Fu-Work\VChat\WinExploit-Priv\6-HeapIntegrity\SRC\Heap-Standalone\Heap-Standalone\main.c(89,12): warning C4477: 'printf' : format string '%08x' requires an argument of type 'unsigned int', but variadic argument 1 has type 'funcionpointer *'
D:\Fu-Work\VChat\WinExploit-Priv\6-HeapIntegrity\SRC\Heap-Standalone\Heap-Standalone\main.c(89,12): warning C4313: 'printf': '%x' in format string conflicts with argument 1 of type 'funcionpointer *'
D:\Fu-Work\VChat\WinExploit-Priv\6-HeapIntegrity\SRC\Heap-Standalone\Heap-Standalone\main.c(90,12): warning C4477: 'printf' : format string '%08x' requires an argument of type 'unsigned int', but variadic argument 1 has type 'funcionpointer *'
D:\Fu-Work\VChat\WinExploit-Priv\6-HeapIntegrity\SRC\Heap-Standalone\Heap-Standalone\main.c(90,12): warning C4313: 'printf': '%x' in format string conflicts with argument 1 of type 'funcionpointer *'
D:\Fu-Work\VChat\WinExploit-Priv\6-HeapIntegrity\SRC\Heap-Standalone\Heap-Standalone\main.c(91,12): warning C4477: 'printf' : format string '%08x' requires an argument of type 'unsigned int', but variadic argument 1 has type 'funcionpointer *'
D:\Fu-Work\VChat\WinExploit-Priv\6-HeapIntegrity\SRC\Heap-Standalone\Heap-Standalone\main.c(91,12): warning C4313: 'printf': '%x' in format string conflicts with argument 1 of type 'funcionpointer *'
D:\Fu-Work\VChat\WinExploit-Priv\6-HeapIntegrity\SRC\Heap-Standalone\Heap-Standalone\main.c(92,12): warning C4477: 'printf' : format string '%08x' requires an argument of type 'unsigned int', but variadic argument 1 has type 'funcionpointer *'
D:\Fu-Work\VChat\WinExploit-Priv\6-HeapIntegrity\SRC\Heap-Standalone\Heap-Standalone\main.c(92,12): warning C4313: 'printf': '%x' in format string conflicts with argument 1 of type 'funcionpointer *'
D:\Fu-Work\VChat\WinExploit-Priv\6-HeapIntegrity\SRC\Heap-Standalone\Heap-Standalone\main.c(93,12): warning C4477: 'printf' : format string '%08x' requires an argument of type 'unsigned int', but variadic argument 1 has type 'funcionpointer *'
D:\Fu-Work\VChat\WinExploit-Priv\6-HeapIntegrity\SRC\Heap-Standalone\Heap-Standalone\main.c(93,12): warning C4313: 'printf': '%x' in format string conflicts with argument 1 of type 'funcionpointer *'
D:\Fu-Work\VChat\WinExploit-Priv\6-HeapIntegrity\SRC\Heap-Standalone\Heap-Standalone\main.c(94,12): warning C4477: 'printf' : format string '%08x' requires an argument of type 'unsigned int', but variadic argument 1 has type 'funcionpointer *'
D:\Fu-Work\VChat\WinExploit-Priv\6-HeapIntegrity\SRC\Heap-Standalone\Heap-Standalone\main.c(94,12): warning C4313: 'printf': '%x' in format string conflicts with argument 1 of type 'funcionpointer *'
D:\Fu-Work\VChat\WinExploit-Priv\6-HeapIntegrity\SRC\Heap-Standalone\Heap-Standalone\main.c(102,494): warning C4311: 'type cast': pointer truncation from 'void (__cdecl *)(int)' to 'int'
D:\Fu-Work\VChat\WinExploit-Priv\6-HeapIntegrity\SRC\Heap-Standalone\Heap-Standalone\main.c(102,522): warning C4311: 'type cast': pointer truncation from 'void (__cdecl *)(int)' to 'int'
D:\Fu-Work\VChat\WinExploit-Priv\6-HeapIntegrity\SRC\Heap-Standalone\Heap-Standalone\main.c(102,551): warning C4311: 'type cast': pointer truncation from 'void (__cdecl *)(int)' to 'int'
D:\Fu-Work\VChat\WinExploit-Priv\6-HeapIntegrity\SRC\Heap-Standalone\Heap-Standalone\main.c(43,21): warning C4101: 'objects': unreferenced local variable
  Heap-Standalone.vcxproj -> D:\Fu-Work\VChat\WinExploit-Priv\6-HeapIntegrity\SRC\Heap-Standalone\x64\Debug\Heap-Standalone.exe
